2022-Sep-14 08:07:37 Наличие необходимых модулей php (check_php_modules): Ok
Все необходимые модули установлены
2022-Sep-14 08:07:37 Обязательные параметры PHP (check_php_settings): Ok
Настройки правильные
2022-Sep-14 08:07:37 Модули веб-сервера (check_security): Ok
Конфликтов не выявлено
2022-Sep-14 08:07:37 Значения переменных сервера (check_server_vars): Ok
Корректные
2022-Sep-14 08:07:38 Сохранение сессии (check_session): Ok
50% done
2022-Sep-14 08:07:38 Сохранение сессии (check_session): Ok
Успешно
2022-Sep-14 08:07:38 Параметры настройки UTF (mbstring и константа BX_UTF) (check_mbstring): Ok
Правильные. Сайт работает в UTF кодировке
2022-Sep-14 08:07:38 Служебные скрипты в корне сайта (check_install_scripts): Ok
Отсутствуют
2022-Sep-14 08:07:38 Работа с сокетами (check_socket): Ok
Connection to ssl://dev-bitrix-learn.service-cen.ru:443	Success

Успешно
2022-Sep-14 08:07:38 Выполнение агентов на cron (check_bx_crontab): Fail
Ошибка! Не настроен запуск cron_events.php на cron, последний агент отработал больше суток назад.
2022-Sep-14 08:07:38 Параметры подключения к базе данных (check_dbconn_settings): Ok
Успешно
2022-Sep-14 08:07:38 Лишний вывод в файлах конфигурации (check_dbconn): Ok
Connection to ssl://dev-bitrix-learn.service-cen.ru:443	Success

Успешно
2022-Sep-14 08:07:38 Сохранение сессии без UserAgent (check_session_ua): Ok
50% done
Connection to ssl://dev-bitrix-learn.service-cen.ru:443	Success

2022-Sep-14 08:07:38 Сохранение сессии без UserAgent (check_session_ua): Ok
Connection to ssl://dev-bitrix-learn.service-cen.ru:443	Success

Успешно
2022-Sep-14 08:07:39 Настройки сайтов (check_sites): Ok
Правильные
2022-Sep-14 08:07:39 Передача объектов по ссылке (check_clone): Ok
Успешно
2022-Sep-14 08:07:39 Размер стека и pcre.recursion_limit (check_pcre_recursion): Ok
Connection to ssl://dev-bitrix-learn.service-cen.ru:443	Success

Успешно
2022-Sep-14 08:07:39 Загрузка файла (check_upload): Ok
Connection to ssl://dev-bitrix-learn.service-cen.ru:443	Success

Успешно
2022-Sep-14 08:07:39 Загрузка файла больше 4Мб (check_upload_big): Ok
Connection to ssl://dev-bitrix-learn.service-cen.ru:443	Success

Успешно
2022-Sep-14 08:07:39 Загрузка файла через php://input (check_upload_raw): Ok
Connection to ssl://dev-bitrix-learn.service-cen.ru:443	Success

Успешно
2022-Sep-14 08:07:39 Передача POST запроса с большим числом параметров (check_post): Ok
Connection to ssl://dev-bitrix-learn.service-cen.ru:443	Success

Успешно
2022-Sep-14 08:07:39 Отправка почты (check_mail): Ok
Успешно
2022-Sep-14 08:07:39 Отправка почтового сообщения больше 64Кб (check_mail_big): Ok
Успешно
2022-Sep-14 08:07:39 Проверка на наличие неотправленных сообщений (check_mail_b_event): Ok
Успешно
2022-Sep-14 08:07:40 Внутреннее перенаправление (функция LocalRedirect) (check_localredirect): Ok
50% done
Connection to ssl://dev-bitrix-learn.service-cen.ru:443	Success

2022-Sep-14 08:07:40 Внутреннее перенаправление (функция LocalRedirect) (check_localredirect): Ok
Connection to ssl://dev-bitrix-learn.service-cen.ru:443	Success

Успешно
2022-Sep-14 08:07:40 Фактическое ограничение памяти (check_memory_limit): Ok
20% done
Connection to ssl://dev-bitrix-learn.service-cen.ru:443	Success

2022-Sep-14 08:07:40 Фактическое ограничение памяти (check_memory_limit): Ok
40% done
Connection to ssl://dev-bitrix-learn.service-cen.ru:443	Success

2022-Sep-14 08:07:40 Фактическое ограничение памяти (check_memory_limit): Ok
60% done
Connection to ssl://dev-bitrix-learn.service-cen.ru:443	Success

2022-Sep-14 08:07:40 Фактическое ограничение памяти (check_memory_limit): Ok
80% done
Connection to ssl://dev-bitrix-learn.service-cen.ru:443	Success

2022-Sep-14 08:07:41 Фактическое ограничение памяти (check_memory_limit): Ok
Connection to ssl://dev-bitrix-learn.service-cen.ru:443	Success

Не менее 256 М
2022-Sep-14 08:07:41 Работа с файлами кеша (check_cache): Ok
Успешно
2022-Sep-14 08:07:41 Доступ к серверу обновлений (check_update): Ok
Успешно
2022-Sep-14 08:07:41 HTTP авторизация (check_http_auth): Fail
Connection to ssl://dev-bitrix-learn.service-cen.ru:443	Success
== Request ==
GET /bitrix/admin/site_checker.php?test_type=auth_test&unique_id=6876fc58092eac3b78e87aa3cb0e90c1 HTTP/1.1
Host: dev-bitrix-learn.service-cen.ru
Authorization: Basic dGVzdF91c2VyOnRlc3RfcGFzc3dvcmQ=


== Response ==
HTTP/1.1 200 OK
Server: nginx
Date: Wed, 14 Sep 2022 08:07:41 GMT
Content-Type: text/html; charset=UTF-8
Transfer-Encoding: chunked
Connection: keep-alive
Vary: Accept-Encoding
Strict-Transport-Security: max-age=15768000;

== Body ==
<br />
<b>Warning</b>:  Undefined array key "REMOTE_USER" in <b>/home/user/web/dev-bitrix-learn.service-cen.ru/public_html/bitrix/modules/main/admin/site_checker.php</b> on line <b>144</b><br />
<br />
<b>Warning</b>:  Undefined array key "REDIRECT_REMOTE_USER" in <b>/home/user/web/dev-bitrix-learn.service-cen.ru/public_html/bitrix/modules/main/admin/site_checker.php</b> on line <b>144</b><br />
SUCCESS
==========

Ошибка! Не работает
2022-Sep-14 08:07:42 Создание и запуск файла (check_exec): Ok
Connection to ssl://dev-bitrix-learn.service-cen.ru:443	Success

Успешно
2022-Sep-14 08:07:42 Функция getimagesize для swf (check_getimagesize): Ok
Успешно
2022-Sep-14 08:07:42 Версия MySQL-сервера (check_mysql_bug_version): Ok
Успешно
2022-Sep-14 08:07:43 Время на БД и веб-сервере (check_mysql_time): Ok
Успешно
2022-Sep-14 08:07:43 Режим работы MySQL (check_mysql_mode): Ok
Успешно
2022-Sep-14 08:07:43 Кодировка соединения (check_mysql_connection_charset): Ok
character_set_connection=utf8, collation_connection=utf8_unicode_ci, character_set_results=utf8
Успешно
2022-Sep-14 08:07:43 Кодировка базы данных (check_mysql_db_charset): Fail
CHARSET=utf8mb3, COLLATION=utf8mb3_general_ci
Ошибка! Сравнение для базы (utf8mb3_general_ci) отличается от сравнения для соединения (utf8mb3_unicode_ci). Исправить
2022-Sep-14 08:07:43 Кодировки таблиц в БД (check_mysql_table_charset): Warning
Замечание. Не проверено из-за ошибки кодировки базы
2022-Sep-14 08:07:43 Структура базы данных (check_mysql_table_structure): Ok
0% done
2022-Sep-14 08:07:43 Структура базы данных (check_mysql_table_structure): Ok
3% done
2022-Sep-14 08:07:43 Структура базы данных (check_mysql_table_structure): Ok
7% done
2022-Sep-14 08:07:44 Структура базы данных (check_mysql_table_structure): Ok
11% done
2022-Sep-14 08:07:44 Структура базы данных (check_mysql_table_structure): Ok
15% done
2022-Sep-14 08:07:44 Структура базы данных (check_mysql_table_structure): Ok
19% done
2022-Sep-14 08:07:44 Структура базы данных (check_mysql_table_structure): Ok
23% done
2022-Sep-14 08:07:44 Структура базы данных (check_mysql_table_structure): Ok
26% done
2022-Sep-14 08:07:45 Структура базы данных (check_mysql_table_structure): Ok
30% done
2022-Sep-14 08:07:45 Структура базы данных (check_mysql_table_structure): Ok
34% done
2022-Sep-14 08:07:45 Структура базы данных (check_mysql_table_structure): Ok
38% done
2022-Sep-14 08:07:45 Структура базы данных (check_mysql_table_structure): Ok
42% done
2022-Sep-14 08:07:45 Структура базы данных (check_mysql_table_structure): Ok
46% done
2022-Sep-14 08:07:45 Структура базы данных (check_mysql_table_structure): Ok
50% done
2022-Sep-14 08:07:46 Структура базы данных (check_mysql_table_structure): Ok
53% done
2022-Sep-14 08:07:46 Структура базы данных (check_mysql_table_structure): Ok
57% done
2022-Sep-14 08:07:46 Структура базы данных (check_mysql_table_structure): Ok
61% done
2022-Sep-14 08:07:46 Структура базы данных (check_mysql_table_structure): Ok
65% done
2022-Sep-14 08:07:46 Структура базы данных (check_mysql_table_structure): Ok
69% done
2022-Sep-14 08:07:47 Структура базы данных (check_mysql_table_structure): Ok
73% done
2022-Sep-14 08:07:47 Структура базы данных (check_mysql_table_structure): Ok
76% done
2022-Sep-14 08:07:48 Структура базы данных (check_mysql_table_structure): Ok
80% done
